<?xml version="1.0" encoding="UTF-8"?>
<!-- Generated by org.testng.reporters.JUnitReportReporter -->
<testsuite hostname="LAPTOP-65CEBPK8" failures="0" tests="1" name="com.homein.testcases.HomePageTest" time="60.668" errors="0" timestamp="2022-04-26T14:47:57 IST" skipped="0">
  <testcase classname="com.homein.testcases.HomePageTest" name="addPropertyTest" time="60.668"/>
  <system-out/>
</testsuite> <!-- com.homein.testcases.HomePageTest -->
