<?xml version="1.0" encoding="UTF-8"?>
<!-- Generated by org.testng.reporters.JUnitReportReporter -->
<testsuite hostname="LAPTOP-65CEBPK8" failures="0" tests="1" name="com.homein.testcases.LoginPageTest" time="19.897" errors="0" timestamp="2022-04-24T13:37:43 IST" skipped="0">
  <testcase classname="com.homein.testcases.LoginPageTest" name="homeinLoginTest" time="19.897"/>
  <system-out/>
</testsuite> <!-- com.homein.testcases.LoginPageTest -->
